2021-03-29 16:25:02 Hail: INFO: Running Hail version 0.2.43-d7da1fd14f3c
2021-03-29 16:25:05 SparkContext: WARN: Using an existing SparkContext; some configuration may not take effect.
2021-03-29 16:25:06 CodecPool: INFO: Got brand-new decompressor [.gz]
2021-03-29 16:25:07 root: ERROR: HailException: incompatible file format when reading: /data/scratch/gnomAD/v3/gnomad.genomes.v3.1.sites.ht/
  supported version: 1.4.0, found 1.5.0
From is.hail.utils.HailException: incompatible file format when reading: /data/scratch/gnomAD/v3/gnomad.genomes.v3.1.sites.ht/
  supported version: 1.4.0, found 1.5.0
	at is.hail.utils.ErrorHandling$class.fatal(ErrorHandling.scala:9)
	at is.hail.utils.package$.fatal(package.scala:76)
	at is.hail.expr.ir.RelationalSpec$.readMetadata(AbstractMatrixTableSpec.scala:46)
	at is.hail.expr.ir.RelationalSpec$.readReferences(AbstractMatrixTableSpec.scala:66)
	at is.hail.variant.ReferenceGenome$.fromHailDataset(ReferenceGenome.scala:587)
	at is.hail.variant.ReferenceGenome.fromHailDataset(ReferenceGenome.scala)
	at sun.reflect.NativeMethodAccessorImpl.invoke0(Native Method)
	at sun.reflect.NativeMethodAccessorImpl.invoke(NativeMethodAccessorImpl.java:62)
	at sun.reflect.DelegatingMethodAccessorImpl.invoke(DelegatingMethodAccessorImpl.java:43)
	at java.lang.reflect.Method.invoke(Method.java:498)
	at py4j.reflection.MethodInvoker.invoke(MethodInvoker.java:244)
	at py4j.reflection.ReflectionEngine.invoke(ReflectionEngine.java:357)
	at py4j.Gateway.invoke(Gateway.java:282)
	at py4j.commands.AbstractCommand.invokeMethod(AbstractCommand.java:132)
	at py4j.commands.CallCommand.execute(CallCommand.java:79)
	at py4j.GatewayConnection.run(GatewayConnection.java:238)
	at java.lang.Thread.run(Thread.java:748)



2021-03-29 16:25:16 SparkContext: INFO: Invoking stop() from shutdown hook
2021-03-29 16:25:16 AbstractConnector: INFO: Stopped Spark@d9aa32e{HTTP/1.1,[http/1.1]}{0.0.0.0:4040}
2021-03-29 16:25:16 SparkUI: INFO: Stopped Spark web UI at http://vega.local:4040
2021-03-29 16:25:16 MapOutputTrackerMasterEndpoint: INFO: MapOutputTrackerMasterEndpoint stopped!
2021-03-29 16:25:16 MemoryStore: INFO: MemoryStore cleared
2021-03-29 16:25:16 BlockManager: INFO: BlockManager stopped
2021-03-29 16:25:16 BlockManagerMaster: INFO: BlockManagerMaster stopped
2021-03-29 16:25:16 OutputCommitCoordinator$OutputCommitCoordinatorEndpoint: INFO: OutputCommitCoordinator stopped!
2021-03-29 16:25:17 SparkContext: INFO: Successfully stopped SparkContext
2021-03-29 16:25:17 ShutdownHookManager: INFO: Shutdown hook called
2021-03-29 16:25:17 ShutdownHookManager: INFO: Deleting directory /tmp/spark-7e6a9950-2a98-4dc6-b766-daabc8f107ea
2021-03-29 16:25:17 ShutdownHookManager: INFO: Deleting directory /tmp/spark-1730863b-de6b-4b68-a09f-a979b6833779
2021-03-29 16:25:17 ShutdownHookManager: INFO: Deleting directory /tmp/spark-1730863b-de6b-4b68-a09f-a979b6833779/pyspark-7452be9e-3df5-4167-9982-179b449a45a6
