2021-03-29 16:26:18 Hail: INFO: Running Hail version 0.2.43-d7da1fd14f3c
2021-03-29 16:26:20 SparkContext: WARN: Using an existing SparkContext; some configuration may not take effect.
2021-03-29 16:26:22 CodecPool: INFO: Got brand-new decompressor [.gz]
2021-03-29 16:26:22 root: ERROR: HailException: incompatible file format when reading: /data/scratch/gnomAD/v3/gnomad.genomes.v3.1.sites.ht/
  supported version: 1.4.0, found 1.5.0
From is.hail.utils.HailException: incompatible file format when reading: /data/scratch/gnomAD/v3/gnomad.genomes.v3.1.sites.ht/
  supported version: 1.4.0, found 1.5.0
	at is.hail.utils.ErrorHandling$class.fatal(ErrorHandling.scala:9)
	at is.hail.utils.package$.fatal(package.scala:76)
	at is.hail.expr.ir.RelationalSpec$.readMetadata(AbstractMatrixTableSpec.scala:46)
	at is.hail.expr.ir.RelationalSpec$.readReferences(AbstractMatrixTableSpec.scala:66)
	at is.hail.variant.ReferenceGenome$.fromHailDataset(ReferenceGenome.scala:587)
	at is.hail.variant.ReferenceGenome.fromHailDataset(ReferenceGenome.scala)
	at sun.reflect.NativeMethodAccessorImpl.invoke0(Native Method)
	at sun.reflect.NativeMethodAccessorImpl.invoke(NativeMethodAccessorImpl.java:62)
	at sun.reflect.DelegatingMethodAccessorImpl.invoke(DelegatingMethodAccessorImpl.java:43)
	at java.lang.reflect.Method.invoke(Method.java:498)
	at py4j.reflection.MethodInvoker.invoke(MethodInvoker.java:244)
	at py4j.reflection.ReflectionEngine.invoke(ReflectionEngine.java:357)
	at py4j.Gateway.invoke(Gateway.java:282)
	at py4j.commands.AbstractCommand.invokeMethod(AbstractCommand.java:132)
	at py4j.commands.CallCommand.execute(CallCommand.java:79)
	at py4j.GatewayConnection.run(GatewayConnection.java:238)
	at java.lang.Thread.run(Thread.java:748)



2021-03-29 16:26:38 SparkContext: INFO: Invoking stop() from shutdown hook
2021-03-29 16:26:38 AbstractConnector: INFO: Stopped Spark@7571ccdc{HTTP/1.1,[http/1.1]}{0.0.0.0:4040}
2021-03-29 16:26:38 SparkUI: INFO: Stopped Spark web UI at http://vega.local:4040
2021-03-29 16:26:38 MapOutputTrackerMasterEndpoint: INFO: MapOutputTrackerMasterEndpoint stopped!
2021-03-29 16:26:38 MemoryStore: INFO: MemoryStore cleared
2021-03-29 16:26:38 BlockManager: INFO: BlockManager stopped
2021-03-29 16:26:38 BlockManagerMaster: INFO: BlockManagerMaster stopped
2021-03-29 16:26:38 OutputCommitCoordinator$OutputCommitCoordinatorEndpoint: INFO: OutputCommitCoordinator stopped!
2021-03-29 16:26:39 SparkContext: INFO: Successfully stopped SparkContext
2021-03-29 16:26:39 ShutdownHookManager: INFO: Shutdown hook called
2021-03-29 16:26:39 ShutdownHookManager: INFO: Deleting directory /tmp/spark-77d9c283-7276-460b-b0c5-e15a8ef75ba8
2021-03-29 16:26:39 ShutdownHookManager: INFO: Deleting directory /tmp/spark-77d9c283-7276-460b-b0c5-e15a8ef75ba8/pyspark-81d07c27-384c-4f59-a86e-1470f41831c8
2021-03-29 16:26:39 ShutdownHookManager: INFO: Deleting directory /tmp/spark-8d81f9eb-f57b-4a31-9f2a-1851f8e125c3
